This is TeX, Version 3.14159265 (TeX Live 2016/Debian) (preloaded format=tex 2016.8.31)  2 SEP 2016 09:32
**tmpharwMN
(./tmpharwMN.tex)
*\scrollmode


*\raiseerror%
! Undefined control sequence.
<*> \raiseerror
               %
The control sequence at the end of the top line
of your error message was never \def'ed. If you have
misspelled it (e.g., `\hobx'), type `I' and the correct
spelling (e.g., `I\hbox'). Otherwise just continue,
and I'll forget about whatever was undefined.


*\def\PyX{P\kern-.3em\lower.5ex\hbox{Y}\kern-.18em X}%

*\gdef\PyXBoxHAlign{0}%

*\newbox\PyXBox%
\PyXBox=\box16

*\newbox\PyXBoxHAligned%
\PyXBoxHAligned=\box17

*\newdimen\PyXDimenHAlignLT%
\PyXDimenHAlignLT=\dimen16

*\newdimen\PyXDimenHAlignRT%
\PyXDimenHAlignRT=\dimen17

*\gdef\PyXFlushHAlign{0}%

*\def\PyXragged{%

*\leftskip=0pt plus \PyXFlushHAlign fil%

*\rightskip=0pt plus 1fil%

*\advance\rightskip0pt plus -\PyXFlushHAlign fil%

*\parfillskip=0pt%

*\pretolerance=9999%

*\tolerance=9999%

*\parindent=0pt%

*\hyphenpenalty=9999%

*\exhyphenpenalty=9999}%

*\newbox\PyXBoxVBox%
\PyXBoxVBox=\box18

*\newdimen\PyXDimenVBox%
\PyXDimenVBox=\dimen18

*\newbox\PyXBoxVAlign%
\PyXBoxVAlign=\box19

*\newdimen\PyXDimenVAlign%
\PyXDimenVAlign=\dimen19

*\newdimen\PyXDimenVShift%
\PyXDimenVShift=\dimen20

*\long\def\ProcessPyXBox#1#2{%

*\setbox\PyXBox=\hbox{{#1}}%

*\PyXDimenHAlignLT=\PyXBoxHAlign\wd\PyXBox%

*\PyXDimenHAlignRT=\wd\PyXBox%

*\advance\PyXDimenHAlignRT by -\PyXDimenHAlignLT%

*\gdef\PyXBoxHAlign{0}%

*\immediate\write16{PyXBox:page=#2,lt=\the\PyXDimenHAlignLT,rt=\the\PyXDimenHAl
ignRT,ht=\the\ht\PyXBox,dp=\the\dp\PyXBox:}%

*\setbox\PyXBoxHAligned=\hbox{\kern-\PyXDimenHAlignLT\box\PyXBox}%

*\ht\PyXBoxHAligned0pt%

*{\count0=80\count1=121\count2=88\count3=#2\shipout\box\PyXBoxHAligned}}%

*\def\PyXInput#1{\immediate\write16{PyXInputMarker:executeid=#1:}}%

*\def\PyXMarker#1{\hskip0pt\special{PyX:marker #1}}%%

*\PyXInput{1}%
PyXInputMarker:executeid=1:

*% This automatically generated file is part of PyX (http://pyx.sourceforge.net
/).

*% \latexstylename="10pt"

*% \latexclassname="article"

*% \latexclassopt="10pt"

*% \latexinit=""

*\def\tiny{\font\pyxfont=cmr5\pyxfont\font\pyxfonttfa=cmr5\textfont0=\pyxfonttf
a\font\pyxfontsfa=cmr5\scriptfont0=\pyxfontsfa\font\pyxfontssfa=cmr5\scriptscri
ptfont0=\pyxfontssfa\font\pyxfonttfb=cmmi5\textfont1=\pyxfonttfb\font\pyxfontsf
b=cmmi5\scriptfont1=\pyxfontsfb\font\pyxfontssfb=cmmi5\scriptscriptfont1=\pyxfo
ntssfb\font\pyxfonttfc=cmsy5\textfont2=\pyxfonttfc\font\pyxfontsfc=cmsy5\script
font2=\pyxfontsfc\font\pyxfontssfc=cmsy5\scriptscriptfont2=\pyxfontssfc\font\py
xfonttfd=cmex10\textfont3=\pyxfonttfd\font\pyxfontsfd=cmex10\scriptfont3=\pyxfo
ntsfd\font\pyxfontssfd=cmex10\scriptscriptfont3=\pyxfontssfd}

*\def\scriptsize{\font\pyxfont=cmr7\pyxfont\font\pyxfonttfa=cmr7\textfont0=\pyx
fonttfa\font\pyxfontsfa=cmr5\scriptfont0=\pyxfontsfa\font\pyxfontssfa=cmr5\scri
ptscriptfont0=\pyxfontssfa\font\pyxfonttfb=cmmi7\textfont1=\pyxfonttfb\font\pyx
fontsfb=cmmi5\scriptfont1=\pyxfontsfb\font\pyxfontssfb=cmmi5\scriptscriptfont1=
\pyxfontssfb\font\pyxfonttfc=cmsy7\textfont2=\pyxfonttfc\font\pyxfontsfc=cmsy5\
scriptfont2=\pyxfontsfc\font\pyxfontssfc=cmsy5\scriptscriptfont2=\pyxfontssfc\f
ont\pyxfonttfd=cmex10\textfont3=\pyxfonttfd\font\pyxfontsfd=cmex10\scriptfont3=
\pyxfontsfd\font\pyxfontssfd=cmex10\scriptscriptfont3=\pyxfontssfd}

*\def\footnotesize{\font\pyxfont=cmr8\pyxfont\font\pyxfonttfa=cmr8\textfont0=\p
yxfonttfa\font\pyxfontsfa=cmr6\scriptfont0=\pyxfontsfa\font\pyxfontssfa=cmr5\sc
riptscriptfont0=\pyxfontssfa\font\pyxfonttfb=cmmi8\textfont1=\pyxfonttfb\font\p
yxfontsfb=cmmi6\scriptfont1=\pyxfontsfb\font\pyxfontssfb=cmmi5\scriptscriptfont
1=\pyxfontssfb\font\pyxfonttfc=cmsy8\textfont2=\pyxfonttfc\font\pyxfontsfc=cmsy
6\scriptfont2=\pyxfontsfc\font\pyxfontssfc=cmsy5\scriptscriptfont2=\pyxfontssfc
\font\pyxfonttfd=cmex10\textfont3=\pyxfonttfd\font\pyxfontsfd=cmex10\scriptfont
3=\pyxfontsfd\font\pyxfontssfd=cmex10\scriptscriptfont3=\pyxfontssfd}

*\def\small{\font\pyxfont=cmr9\pyxfont\font\pyxfonttfa=cmr9\textfont0=\pyxfontt
fa\font\pyxfontsfa=cmr6\scriptfont0=\pyxfontsfa\font\pyxfontssfa=cmr5\scriptscr
iptfont0=\pyxfontssfa\font\pyxfonttfb=cmmi9\textfont1=\pyxfonttfb\font\pyxfonts
fb=cmmi6\scriptfont1=\pyxfontsfb\font\pyxfontssfb=cmmi5\scriptscriptfont1=\pyxf
ontssfb\font\pyxfonttfc=cmsy9\textfont2=\pyxfonttfc\font\pyxfontsfc=cmsy6\scrip
tfont2=\pyxfontsfc\font\pyxfontssfc=cmsy5\scriptscriptfont2=\pyxfontssfc\font\p
yxfonttfd=cmex10\textfont3=\pyxfonttfd\font\pyxfontsfd=cmex10\scriptfont3=\pyxf
ontsfd\font\pyxfontssfd=cmex10\scriptscriptfont3=\pyxfontssfd}

*\def\normalsize{\font\pyxfont=cmr10\pyxfont\font\pyxfonttfa=cmr10\textfont0=\p
yxfonttfa\font\pyxfontsfa=cmr7\scriptfont0=\pyxfontsfa\font\pyxfontssfa=cmr5\sc
riptscriptfont0=\pyxfontssfa\font\pyxfonttfb=cmmi10\textfont1=\pyxfonttfb\font\
pyxfontsfb=cmmi7\scriptfont1=\pyxfontsfb\font\pyxfontssfb=cmmi5\scriptscriptfon
t1=\pyxfontssfb\font\pyxfonttfc=cmsy10\textfont2=\pyxfonttfc\font\pyxfontsfc=cm
sy7\scriptfont2=\pyxfontsfc\font\pyxfontssfc=cmsy5\scriptscriptfont2=\pyxfontss
fc\font\pyxfonttfd=cmex10\textfont3=\pyxfonttfd\font\pyxfontsfd=cmex10\scriptfo
nt3=\pyxfontsfd\font\pyxfontssfd=cmex10\scriptscriptfont3=\pyxfontssfd}

*\def\large{\font\pyxfont=cmr12\pyxfont\font\pyxfonttfa=cmr12\textfont0=\pyxfon
ttfa\font\pyxfontsfa=cmr8\scriptfont0=\pyxfontsfa\font\pyxfontssfa=cmr6\scripts
criptfont0=\pyxfontssfa\font\pyxfonttfb=cmmi12\textfont1=\pyxfonttfb\font\pyxfo
ntsfb=cmmi8\scriptfont1=\pyxfontsfb\font\pyxfontssfb=cmmi6\scriptscriptfont1=\p
yxfontssfb\font\pyxfonttfc=cmsy10 at 12.0pt\textfont2=\pyxfonttfc\font\pyxfonts
fc=cmsy8\scriptfont2=\pyxfontsfc\font\pyxfontssfc=cmsy6\scriptscriptfont2=\pyxf
ontssfc\font\pyxfonttfd=cmex10\textfont3=\pyxfonttfd\font\pyxfontsfd=cmex10\scr
iptfont3=\pyxfontsfd\font\pyxfontssfd=cmex10\scriptscriptfont3=\pyxfontssfd}

*\def\Large{\font\pyxfont=cmr12 at 14.4pt\pyxfont\font\pyxfonttfa=cmr12 at 14.4
pt\textfont0=\pyxfonttfa\font\pyxfontsfa=cmr10\scriptfont0=\pyxfontsfa\font\pyx
fontssfa=cmr7\scriptscriptfont0=\pyxfontssfa\font\pyxfonttfb=cmmi12 at 14.4pt\t
extfont1=\pyxfonttfb\font\pyxfontsfb=cmmi10\scriptfont1=\pyxfontsfb\font\pyxfon
tssfb=cmmi7\scriptscriptfont1=\pyxfontssfb\font\pyxfonttfc=cmsy10 at 14.4pt\tex
tfont2=\pyxfonttfc\font\pyxfontsfc=cmsy10\scriptfont2=\pyxfontsfc\font\pyxfonts
sfc=cmsy7\scriptscriptfont2=\pyxfontssfc\font\pyxfonttfd=cmex10\textfont3=\pyxf
onttfd\font\pyxfontsfd=cmex10\scriptfont3=\pyxfontsfd\font\pyxfontssfd=cmex10\s
criptscriptfont3=\pyxfontssfd}

*\def\LARGE{\font\pyxfont=cmr17\pyxfont\font\pyxfonttfa=cmr17\textfont0=\pyxfon
ttfa\font\pyxfontsfa=cmr12\scriptfont0=\pyxfontsfa\font\pyxfontssfa=cmr10\scrip
tscriptfont0=\pyxfontssfa\font\pyxfonttfb=cmmi12 at 17.28pt\textfont1=\pyxfontt
fb\font\pyxfontsfb=cmmi12\scriptfont1=\pyxfontsfb\font\pyxfontssfb=cmmi10\scrip
tscriptfont1=\pyxfontssfb\font\pyxfonttfc=cmsy10 at 17.28pt\textfont2=\pyxfontt
fc\font\pyxfontsfc=cmsy10 at 12.0pt\scriptfont2=\pyxfontsfc\font\pyxfontssfc=cm
sy10\scriptscriptfont2=\pyxfontssfc\font\pyxfonttfd=cmex10\textfont3=\pyxfonttf
d\font\pyxfontsfd=cmex10\scriptfont3=\pyxfontsfd\font\pyxfontssfd=cmex10\script
scriptfont3=\pyxfontssfd}

*\def\huge{\font\pyxfont=cmr17 at 20.74pt\pyxfont\font\pyxfonttfa=cmr17 at 20.7
4pt\textfont0=\pyxfonttfa\font\pyxfontsfa=cmr12 at 14.4pt\scriptfont0=\pyxfonts
fa\font\pyxfontssfa=cmr12\scriptscriptfont0=\pyxfontssfa\font\pyxfonttfb=cmmi12
 at 20.74pt\textfont1=\pyxfonttfb\font\pyxfontsfb=cmmi12 at 14.4pt\scriptfont1=
\pyxfontsfb\font\pyxfontssfb=cmmi12\scriptscriptfont1=\pyxfontssfb\font\pyxfont
tfc=cmsy10 at 20.74pt\textfont2=\pyxfonttfc\font\pyxfontsfc=cmsy10 at 14.4pt\sc
riptfont2=\pyxfontsfc\font\pyxfontssfc=cmsy10 at 12.0pt\scriptscriptfont2=\pyxf
ontssfc\font\pyxfonttfd=cmex10\textfont3=\pyxfonttfd\font\pyxfontsfd=cmex10\scr
iptfont3=\pyxfontsfd\font\pyxfontssfd=cmex10\scriptscriptfont3=\pyxfontssfd}

*\def\Huge{\font\pyxfont=cmr17 at 24.88pt\pyxfont\font\pyxfonttfa=cmr17 at 24.8
8pt\textfont0=\pyxfonttfa\font\pyxfontsfa=cmr17 at 20.74pt\scriptfont0=\pyxfont
sfa\font\pyxfontssfa=cmr17\scriptscriptfont0=\pyxfontssfa\font\pyxfonttfb=cmmi1
2 at 24.88pt\textfont1=\pyxfonttfb\font\pyxfontsfb=cmmi12 at 20.74pt\scriptfont
1=\pyxfontsfb\font\pyxfontssfb=cmmi12 at 17.28pt\scriptscriptfont1=\pyxfontssfb
\font\pyxfonttfc=cmsy10 at 24.88pt\textfont2=\pyxfonttfc\font\pyxfontsfc=cmsy10
 at 20.74pt\scriptfont2=\pyxfontsfc\font\pyxfontssfc=cmsy10 at 17.28pt\scriptsc
riptfont2=\pyxfontssfc\font\pyxfonttfd=cmex10\textfont3=\pyxfonttfd\font\pyxfon
tsfd=cmex10\scriptfont3=\pyxfontsfd\font\pyxfontssfd=cmex10\scriptscriptfont3=\
pyxfontssfd}

*%

*\PyXInput{2}%
PyXInputMarker:executeid=2:

*\normalsize%

*%

*\PyXInput{3}%
PyXInputMarker:executeid=3:

*\newdimen\linewidth\newdimen\textwidth%
\linewidth=\dimen21
\textwidth=\dimen22

*%

*\PyXInput{4}%
PyXInputMarker:executeid=4:

*\ProcessPyXBox{\Large{}\font\cmssfont=cmss10\cmssfont{IP}%

*}{1}%
PyXBox:page=1,lt=0.0pt,rt=9.1667pt,ht=6.94444pt,dp=0.0pt:
[80.121.88.1]
*\PyXInput{5}%
PyXInputMarker:executeid=5:

*\ProcessPyXBox{\font\cmssfont=cmss10\cmssfont{version}%

*}{2}%
PyXBox:page=2,lt=0.0pt,rt=28.86116pt,ht=6.79364pt,dp=0.0pt:
[80.121.88.2]
*\PyXInput{6}%
PyXInputMarker:executeid=6:

*\ProcessPyXBox{\font\cmssfont=cmss10\cmssfont{4L}%

*}{3}%
PyXBox:page=3,lt=0.0pt,rt=10.4167pt,ht=6.94444pt,dp=0.0pt:
[80.121.88.3]
*\PyXInput{7}%
PyXInputMarker:executeid=7:

*\ProcessPyXBox{\font\cmssfont=cmss10\cmssfont{ihl}%

*}{4}%
PyXBox:page=4,lt=0.0pt,rt=9.94444pt,ht=6.94444pt,dp=0.0pt:
[80.121.88.4]
*\PyXInput{8}%
PyXInputMarker:executeid=8:

*\ProcessPyXBox{\font\cmssfont=cmss10\cmssfont{5L}%

*}{5}%
PyXBox:page=5,lt=0.0pt,rt=10.4167pt,ht=6.94444pt,dp=0.0pt:
[80.121.88.5]
*\PyXInput{9}%
PyXInputMarker:executeid=9:

*\ProcessPyXBox{\Large{}\tt{45}%

*}{6}%
PyXBox:page=6,lt=0.0pt,rt=10.49991pt,ht=6.11111pt,dp=0.0pt:
[80.121.88.6]
*\PyXInput{10}%
PyXInputMarker:executeid=10:

*\ProcessPyXBox{\font\cmssfont=cmss10\cmssfont{tos}%

*}{7}%
PyXBox:page=7,lt=0.0pt,rt=12.44446pt,ht=5.71431pt,dp=0.0pt:
[80.121.88.7]
*\PyXInput{11}%
PyXInputMarker:executeid=11:

*\ProcessPyXBox{\font\cmssfont=cmss10\cmssfont{0x0}%

*}{8}%
PyXBox:page=8,lt=0.0pt,rt=14.61116pt,ht=6.55556pt,dp=0.0pt:
[80.121.88.8]
*\PyXInput{12}%
PyXInputMarker:executeid=12:

*\ProcessPyXBox{\Large{}\tt{00}%

*}{9}%
PyXBox:page=9,lt=0.0pt,rt=10.49991pt,ht=6.11111pt,dp=0.0pt:
[80.121.88.9]
*\PyXInput{13}%
PyXInputMarker:executeid=13:

*\ProcessPyXBox{\font\cmssfont=cmss10\cmssfont{len}%

*}{10}%
PyXBox:page=10,lt=0.0pt,rt=12.0pt,ht=6.94444pt,dp=0.0pt:
[80.121.88.10]
*\PyXInput{14}%
PyXInputMarker:executeid=14:

*\ProcessPyXBox{\font\cmssfont=cmss10\cmssfont{39}%

*}{11}%
PyXBox:page=11,lt=0.0pt,rt=10.00003pt,ht=6.55556pt,dp=0.0pt:
[80.121.88.11]
*\PyXInput{15}%
PyXInputMarker:executeid=15:

*\ProcessPyXBox{\Large{}\tt{00 27}%

*}{12}%
PyXBox:page=12,lt=0.0pt,rt=26.24977pt,ht=6.11111pt,dp=0.0pt:
[80.121.88.12]
*\PyXInput{16}%
PyXInputMarker:executeid=16:

*\ProcessPyXBox{\font\cmssfont=cmss10\cmssfont{id}%

*}{13}%
PyXBox:page=13,lt=0.0pt,rt=7.55556pt,ht=6.94444pt,dp=0.0pt:
[80.121.88.13]
*\PyXInput{17}%
PyXInputMarker:executeid=17:

*\ProcessPyXBox{\font\cmssfont=cmss10\cmssfont{33424}%

*}{14}%
PyXBox:page=14,lt=0.0pt,rt=25.00008pt,ht=6.55556pt,dp=0.0pt:
[80.121.88.14]
*\PyXInput{18}%
PyXInputMarker:executeid=18:

*\ProcessPyXBox{\Large{}\tt{82 90}%

*}{15}%
PyXBox:page=15,lt=0.0pt,rt=26.24977pt,ht=6.11111pt,dp=0.0pt:
[80.121.88.15]
*\PyXInput{19}%
PyXInputMarker:executeid=19:

*\ProcessPyXBox{\font\cmssfont=cmss10\cmssfont{flags}%

*}{16}%
PyXBox:page=16,lt=0.0pt,rt=19.00003pt,ht=6.94444pt,dp=1.94444pt:
[80.121.88.16]
*\PyXInput{20}%
PyXInputMarker:executeid=20:

*\ProcessPyXBox{\font\cmssfont=cmss10\cmssfont{DF}%

*}{17}%
PyXBox:page=17,lt=0.0pt,rt=12.91673pt,ht=6.94444pt,dp=0.0pt:
[80.121.88.17]
*\PyXInput{21}%
PyXInputMarker:executeid=21:

*\ProcessPyXBox{\font\cmssfont=cmss10\cmssfont{frag}%

*}{18}%
PyXBox:page=18,lt=0.0pt,rt=16.27785pt,ht=6.94444pt,dp=1.94444pt:
[80.121.88.18]
*\PyXInput{22}%
PyXInputMarker:executeid=22:

*\ProcessPyXBox{\font\cmssfont=cmss10\cmssfont{0L}%

*}{19}%
PyXBox:page=19,lt=0.0pt,rt=10.4167pt,ht=6.94444pt,dp=0.0pt:
[80.121.88.19]
*\PyXInput{23}%
PyXInputMarker:executeid=23:

*\ProcessPyXBox{\Large{}\tt{40 00}%

*}{20}%
PyXBox:page=20,lt=0.0pt,rt=26.24977pt,ht=6.11111pt,dp=0.0pt:
[80.121.88.20]
*\PyXInput{24}%
PyXInputMarker:executeid=24:

*\ProcessPyXBox{\font\cmssfont=cmss10\cmssfont{ttl}%

*}{21}%
PyXBox:page=21,lt=0.0pt,rt=9.61111pt,ht=6.94444pt,dp=0.0pt:
[80.121.88.21]
*\PyXInput{25}%
PyXInputMarker:executeid=25:

*\ProcessPyXBox{\font\cmssfont=cmss10\cmssfont{231}%

*}{22}%
PyXBox:page=22,lt=0.0pt,rt=15.00005pt,ht=6.55556pt,dp=0.0pt:
[80.121.88.22]
*\PyXInput{26}%
PyXInputMarker:executeid=26:

*\ProcessPyXBox{\Large{}\tt{e7}%

*}{23}%
PyXBox:page=23,lt=0.0pt,rt=10.49991pt,ht=6.11111pt,dp=0.0pt:
[80.121.88.23]
*\PyXInput{27}%
PyXInputMarker:executeid=27:

*\ProcessPyXBox{\font\cmssfont=cmss10\cmssfont{proto}%

*}{24}%
PyXBox:page=24,lt=0.0pt,rt=21.91672pt,ht=5.71431pt,dp=1.94444pt:
[80.121.88.24]
*\PyXInput{28}%
PyXInputMarker:executeid=28:

*\ProcessPyXBox{\font\cmssfont=cmss10\cmssfont{icmp}%

*}{25}%
PyXBox:page=25,lt=0.0pt,rt=19.94446pt,ht=6.79364pt,dp=1.94444pt:
[80.121.88.25]
*\PyXInput{29}%
PyXInputMarker:executeid=29:

*\ProcessPyXBox{\Large{}\tt{01}%

*}{26}%
PyXBox:page=26,lt=0.0pt,rt=10.49991pt,ht=6.11111pt,dp=0.0pt:
[80.121.88.26]
*\PyXInput{30}%
PyXInputMarker:executeid=30:

*\ProcessPyXBox{\font\cmssfont=cmss10\cmssfont{chksum}%

*}{27}%
PyXBox:page=27,lt=0.0pt,rt=31.44449pt,ht=6.94444pt,dp=0.0pt:
[80.121.88.27]
*\PyXInput{31}%
PyXInputMarker:executeid=31:

*\ProcessPyXBox{\font\cmssfont=cmss10\cmssfont{0xc245}%

*}{28}%
PyXBox:page=28,lt=0.0pt,rt=29.05563pt,ht=6.55556pt,dp=0.0pt:
[80.121.88.28]
*\PyXInput{32}%
PyXInputMarker:executeid=32:

*\ProcessPyXBox{\Large{}\tt{c2 45}%

*}{29}%
PyXBox:page=29,lt=0.0pt,rt=26.24977pt,ht=6.11111pt,dp=0.0pt:
[80.121.88.29]
*\PyXInput{33}%
PyXInputMarker:executeid=33:

*\ProcessPyXBox{\font\cmssfont=cmss10\cmssfont{src}%

*}{30}%
PyXBox:page=30,lt=0.0pt,rt=11.69446pt,ht=4.44444pt,dp=0.0pt:
[80.121.88.30]
*\PyXInput{34}%
PyXInputMarker:executeid=34:

*\ProcessPyXBox{\font\cmssfont=cmss10\cmssfont{216.34.181.48}%

*}{31}%
PyXBox:page=31,lt=0.0pt,rt=58.33351pt,ht=6.55556pt,dp=0.0pt:
[80.121.88.31]
*\PyXInput{35}%
PyXInputMarker:executeid=35:

*\ProcessPyXBox{\Large{}\tt{d8 22 b5 30}%

*}{32}%
PyXBox:page=32,lt=0.0pt,rt=57.7495pt,ht=6.11111pt,dp=0.0pt:
[80.121.88.32]
*\PyXInput{36}%
PyXInputMarker:executeid=36:

*\ProcessPyXBox{\font\cmssfont=cmss10\cmssfont{dst}%

*}{33}%
PyXBox:page=33,lt=0.0pt,rt=12.61111pt,ht=6.94444pt,dp=0.0pt:
[80.121.88.33]
*\PyXInput{37}%
PyXInputMarker:executeid=37:

*\ProcessPyXBox{\font\cmssfont=cmss10\cmssfont{192.168.1.4}%

*}{34}%
PyXBox:page=34,lt=0.0pt,rt=48.33348pt,ht=6.55556pt,dp=0.0pt:
[80.121.88.34]
*\PyXInput{38}%
PyXInputMarker:executeid=38:

*\ProcessPyXBox{\Large{}\tt{c0 a8 01 04}%

*}{35}%
PyXBox:page=35,lt=0.0pt,rt=57.7495pt,ht=6.11111pt,dp=0.0pt:
[80.121.88.35]
*\PyXInput{39}%
PyXInputMarker:executeid=39:

*\ProcessPyXBox{\font\cmssfont=cmss10\cmssfont{options}%

*}{36}%
PyXBox:page=36,lt=0.0pt,rt=30.1667pt,ht=6.79364pt,dp=1.94444pt:
[80.121.88.36]
*\PyXInput{40}%
PyXInputMarker:executeid=40:

*\ProcessPyXBox{\font\cmssfont=cmss10\cmssfont{[]}%

*}{37}%
PyXBox:page=37,lt=0.0pt,rt=5.77777pt,ht=7.5pt,dp=2.5pt:
[80.121.88.37]
*\PyXInput{41}%
PyXInputMarker:executeid=41:

*\ProcessPyXBox{\Large{}\font\cmssfont=cmss10\cmssfont{ICMP}%

*}{38}%
PyXBox:page=38,lt=0.0pt,rt=24.30565pt,ht=6.94444pt,dp=0.0pt:
[80.121.88.38]
*\PyXInput{42}%
PyXInputMarker:executeid=42:

*\ProcessPyXBox{\font\cmssfont=cmss10\cmssfont{type}%

*}{39}%
PyXBox:page=39,lt=0.0pt,rt=17.83336pt,ht=5.71431pt,dp=1.94444pt:
[80.121.88.39]
*\PyXInput{43}%
PyXInputMarker:executeid=43:

*\ProcessPyXBox{\font\cmssfont=cmss10\cmssfont{echo-reply}%

*}{40}%
PyXBox:page=40,lt=0.0pt,rt=42.41672pt,ht=6.94444pt,dp=1.94444pt:
[80.121.88.40]
*\PyXInput{44}%
PyXInputMarker:executeid=44:

*\ProcessPyXBox{\Large{}\tt{00}%

*}{41}%
PyXBox:page=41,lt=0.0pt,rt=10.49991pt,ht=6.11111pt,dp=0.0pt:
[80.121.88.41]
*\PyXInput{45}%
PyXInputMarker:executeid=45:

*\ProcessPyXBox{\font\cmssfont=cmss10\cmssfont{code}%

*}{42}%
PyXBox:page=42,lt=0.0pt,rt=19.33336pt,ht=6.94444pt,dp=0.0pt:
[80.121.88.42]
*\PyXInput{46}%
PyXInputMarker:executeid=46:

*\ProcessPyXBox{\font\cmssfont=cmss10\cmssfont{}%

*}{43}%
PyXBox:page=43,lt=0.0pt,rt=0.0pt,ht=0.0pt,dp=0.0pt:
[80.121.88.43]
*\PyXInput{47}%
PyXInputMarker:executeid=47:

*\ProcessPyXBox{\Large{}\tt{00}%

*}{44}%
PyXBox:page=44,lt=0.0pt,rt=10.49991pt,ht=6.11111pt,dp=0.0pt:
[80.121.88.44]
*\PyXInput{48}%
PyXInputMarker:executeid=48:

*\ProcessPyXBox{\font\cmssfont=cmss10\cmssfont{chksum}%

*}{45}%
PyXBox:page=45,lt=0.0pt,rt=31.44449pt,ht=6.94444pt,dp=0.0pt:
[80.121.88.45]
*\PyXInput{49}%
PyXInputMarker:executeid=49:

*\ProcessPyXBox{\font\cmssfont=cmss10\cmssfont{0xee45}%

*}{46}%
PyXBox:page=46,lt=0.0pt,rt=28.50006pt,ht=6.55556pt,dp=0.0pt:
[80.121.88.46]
*\PyXInput{50}%
PyXInputMarker:executeid=50:

*\ProcessPyXBox{\Large{}\tt{ee 45}%

*}{47}%
PyXBox:page=47,lt=0.0pt,rt=26.24977pt,ht=6.11111pt,dp=0.0pt:
[80.121.88.47]
*\PyXInput{51}%
PyXInputMarker:executeid=51:

*\ProcessPyXBox{\font\cmssfont=cmss10\cmssfont{id}%

*}{48}%
PyXBox:page=48,lt=0.0pt,rt=7.55556pt,ht=6.94444pt,dp=0.0pt:
[80.121.88.48]
*\PyXInput{52}%
PyXInputMarker:executeid=52:

*\ProcessPyXBox{\font\cmssfont=cmss10\cmssfont{0x0}%

*}{49}%
PyXBox:page=49,lt=0.0pt,rt=14.61116pt,ht=6.55556pt,dp=0.0pt:
[80.121.88.49]
*\PyXInput{53}%
PyXInputMarker:executeid=53:

*\ProcessPyXBox{\Large{}\tt{00 00}%

*}{50}%
PyXBox:page=50,lt=0.0pt,rt=26.24977pt,ht=6.11111pt,dp=0.0pt:
[80.121.88.50]
*\PyXInput{54}%
PyXInputMarker:executeid=54:

*\ProcessPyXBox{\font\cmssfont=cmss10\cmssfont{seq}%

*}{51}%
PyXBox:page=51,lt=0.0pt,rt=13.44444pt,ht=4.44444pt,dp=1.94444pt:
[80.121.88.51]
*\PyXInput{55}%
PyXInputMarker:executeid=55:

*\ProcessPyXBox{\font\cmssfont=cmss10\cmssfont{0x0}%

*}{52}%
PyXBox:page=52,lt=0.0pt,rt=14.61116pt,ht=6.55556pt,dp=0.0pt:
[80.121.88.52]
*\PyXInput{56}%
PyXInputMarker:executeid=56:

*\ProcessPyXBox{\Large{}\tt{00 00}%

*}{53}%
PyXBox:page=53,lt=0.0pt,rt=26.24977pt,ht=6.11111pt,dp=0.0pt:
[80.121.88.53]
*\PyXInput{57}%
PyXInputMarker:executeid=57:

*\ProcessPyXBox{\Large{}\font\cmssfont=cmss10\cmssfont{Raw}%

*}{54}%
PyXBox:page=54,lt=0.0pt,rt=17.8195pt,ht=6.94444pt,dp=0.0pt:
[80.121.88.54]
*\PyXInput{58}%
PyXInputMarker:executeid=58:

*\ProcessPyXBox{\font\cmssfont=cmss10\cmssfont{load}%

*}{55}%
PyXBox:page=55,lt=0.0pt,rt=17.36115pt,ht=6.94444pt,dp=0.0pt:
[80.121.88.55]
*\PyXInput{59}%
PyXInputMarker:executeid=59:

*\ProcessPyXBox{\font\cmssfont=cmss10\cmssfont{'XXXXXXXXXXX'}%

*}{56}%
PyXBox:page=56,lt=0.0pt,rt=78.88913pt,ht=6.94444pt,dp=0.0pt:
[80.121.88.56]
*\PyXInput{60}%
PyXInputMarker:executeid=60:

*\ProcessPyXBox{\Large{}\tt{58 58 58 58}%

*}{57}%
PyXBox:page=57,lt=0.0pt,rt=57.7495pt,ht=6.11111pt,dp=0.0pt:
[80.121.88.57]
*\PyXInput{61}%
PyXInputMarker:executeid=61:

*\ProcessPyXBox{\Large{}\tt{58 58 58 58 58 58 58}%

*}{58}%
PyXBox:page=58,lt=0.0pt,rt=104.99908pt,ht=6.11111pt,dp=0.0pt:
[80.121.88.58]
*\PyXInput{62}%
PyXInputMarker:executeid=62:

*\ProcessPyXBox{\Large{}\font\cmssfont=cmss10\cmssfont{IP}%

*}{59}%
PyXBox:page=59,lt=0.0pt,rt=9.1667pt,ht=6.94444pt,dp=0.0pt:
[80.121.88.59]
*\PyXInput{63}%
PyXInputMarker:executeid=63:

*\ProcessPyXBox{\font\cmssfont=cmss10\cmssfont{version}%

*}{60}%
PyXBox:page=60,lt=0.0pt,rt=28.86116pt,ht=6.79364pt,dp=0.0pt:
[80.121.88.60]
*\PyXInput{64}%
PyXInputMarker:executeid=64:

*\ProcessPyXBox{\font\cmssfont=cmss10\cmssfont{4L}%

*}{61}%
PyXBox:page=61,lt=0.0pt,rt=10.4167pt,ht=6.94444pt,dp=0.0pt:
[80.121.88.61]
*\PyXInput{65}%
PyXInputMarker:executeid=65:

*\ProcessPyXBox{\font\cmssfont=cmss10\cmssfont{ihl}%

*}{62}%
PyXBox:page=62,lt=0.0pt,rt=9.94444pt,ht=6.94444pt,dp=0.0pt:
[80.121.88.62]
*\PyXInput{66}%
PyXInputMarker:executeid=66:

*\ProcessPyXBox{\font\cmssfont=cmss10\cmssfont{5L}%

*}{63}%
PyXBox:page=63,lt=0.0pt,rt=10.4167pt,ht=6.94444pt,dp=0.0pt:
[80.121.88.63]
*\PyXInput{67}%
PyXInputMarker:executeid=67:

*\ProcessPyXBox{\Large{}\tt{45}%

*}{64}%
PyXBox:page=64,lt=0.0pt,rt=10.49991pt,ht=6.11111pt,dp=0.0pt:
[80.121.88.64]
*\PyXInput{68}%
PyXInputMarker:executeid=68:

*\ProcessPyXBox{\font\cmssfont=cmss10\cmssfont{tos}%

*}{65}%
PyXBox:page=65,lt=0.0pt,rt=12.44446pt,ht=5.71431pt,dp=0.0pt:
[80.121.88.65]
*\PyXInput{69}%
PyXInputMarker:executeid=69:

*\ProcessPyXBox{\font\cmssfont=cmss10\cmssfont{0x0}%

*}{66}%
PyXBox:page=66,lt=0.0pt,rt=14.61116pt,ht=6.55556pt,dp=0.0pt:
[80.121.88.66]
*\PyXInput{70}%
PyXInputMarker:executeid=70:

*\ProcessPyXBox{\Large{}\tt{00}%

*}{67}%
PyXBox:page=67,lt=0.0pt,rt=10.49991pt,ht=6.11111pt,dp=0.0pt:
[80.121.88.67]
*\PyXInput{71}%
PyXInputMarker:executeid=71:

*\ProcessPyXBox{\font\cmssfont=cmss10\cmssfont{len}%

*}{68}%
PyXBox:page=68,lt=0.0pt,rt=12.0pt,ht=6.94444pt,dp=0.0pt:
[80.121.88.68]
*\PyXInput{72}%
PyXInputMarker:executeid=72:

*\ProcessPyXBox{\font\cmssfont=cmss10\cmssfont{319}%

*}{69}%
PyXBox:page=69,lt=0.0pt,rt=15.00005pt,ht=6.55556pt,dp=0.0pt:
[80.121.88.69]
*\PyXInput{73}%
PyXInputMarker:executeid=73:

*\ProcessPyXBox{\Large{}\tt{01 3f}%

*}{70}%
PyXBox:page=70,lt=0.0pt,rt=26.24977pt,ht=6.11111pt,dp=0.0pt:
[80.121.88.70]
*\PyXInput{74}%
PyXInputMarker:executeid=74:

*\ProcessPyXBox{\font\cmssfont=cmss10\cmssfont{id}%

*}{71}%
PyXBox:page=71,lt=0.0pt,rt=7.55556pt,ht=6.94444pt,dp=0.0pt:
[80.121.88.71]
*\PyXInput{75}%
PyXInputMarker:executeid=75:

*\ProcessPyXBox{\font\cmssfont=cmss10\cmssfont{54088}%

*}{72}%
PyXBox:page=72,lt=0.0pt,rt=25.00008pt,ht=6.55556pt,dp=0.0pt:
[80.121.88.72]
*\PyXInput{76}%
PyXInputMarker:executeid=76:

*\ProcessPyXBox{\Large{}\tt{d3 48}%

*}{73}%
PyXBox:page=73,lt=0.0pt,rt=26.24977pt,ht=6.11111pt,dp=0.0pt:
[80.121.88.73]
*\PyXInput{77}%
PyXInputMarker:executeid=77:

*\ProcessPyXBox{\font\cmssfont=cmss10\cmssfont{flags}%

*}{74}%
PyXBox:page=74,lt=0.0pt,rt=19.00003pt,ht=6.94444pt,dp=1.94444pt:
[80.121.88.74]
*\PyXInput{78}%
PyXInputMarker:executeid=78:

*\ProcessPyXBox{\font\cmssfont=cmss10\cmssfont{}%

*}{75}%
PyXBox:page=75,lt=0.0pt,rt=0.0pt,ht=0.0pt,dp=0.0pt:
[80.121.88.75]
*\PyXInput{79}%
PyXInputMarker:executeid=79:

*\ProcessPyXBox{\font\cmssfont=cmss10\cmssfont{frag}%

*}{76}%
PyXBox:page=76,lt=0.0pt,rt=16.27785pt,ht=6.94444pt,dp=1.94444pt:
[80.121.88.76]
*\PyXInput{80}%
PyXInputMarker:executeid=80:

*\ProcessPyXBox{\font\cmssfont=cmss10\cmssfont{0L}%

*}{77}%
PyXBox:page=77,lt=0.0pt,rt=10.4167pt,ht=6.94444pt,dp=0.0pt:
[80.121.88.77]
*\PyXInput{81}%
PyXInputMarker:executeid=81:

*\ProcessPyXBox{\Large{}\tt{00 00}%

*}{78}%
PyXBox:page=78,lt=0.0pt,rt=26.24977pt,ht=6.11111pt,dp=0.0pt:
[80.121.88.78]
*\PyXInput{82}%
PyXInputMarker:executeid=82:

*\ProcessPyXBox{\font\cmssfont=cmss10\cmssfont{ttl}%

*}{79}%
PyXBox:page=79,lt=0.0pt,rt=9.61111pt,ht=6.94444pt,dp=0.0pt:
[80.121.88.79]
*\PyXInput{83}%
PyXInputMarker:executeid=83:

*\ProcessPyXBox{\font\cmssfont=cmss10\cmssfont{60}%

*}{80}%
PyXBox:page=80,lt=0.0pt,rt=10.00003pt,ht=6.55556pt,dp=0.0pt:
[80.121.88.80]
*\PyXInput{84}%
PyXInputMarker:executeid=84:

*\ProcessPyXBox{\Large{}\tt{3c}%

*}{81}%
PyXBox:page=81,lt=0.0pt,rt=10.49991pt,ht=6.11111pt,dp=0.0pt:
[80.121.88.81]
*\PyXInput{85}%
PyXInputMarker:executeid=85:

*\ProcessPyXBox{\font\cmssfont=cmss10\cmssfont{proto}%

*}{82}%
PyXBox:page=82,lt=0.0pt,rt=21.91672pt,ht=5.71431pt,dp=1.94444pt:
[80.121.88.82]
*\PyXInput{86}%
PyXInputMarker:executeid=86:

*\ProcessPyXBox{\font\cmssfont=cmss10\cmssfont{udp}%

*}{83}%
PyXBox:page=83,lt=0.0pt,rt=15.50002pt,ht=6.94444pt,dp=1.94444pt:
[80.121.88.83]
*\PyXInput{87}%
PyXInputMarker:executeid=87:

*\ProcessPyXBox{\Large{}\tt{11}%

*}{84}%
PyXBox:page=84,lt=0.0pt,rt=10.49991pt,ht=6.11111pt,dp=0.0pt:
[80.121.88.84]
*\PyXInput{88}%
PyXInputMarker:executeid=88:

*\ProcessPyXBox{\font\cmssfont=cmss10\cmssfont{chksum}%

*}{85}%
PyXBox:page=85,lt=0.0pt,rt=31.44449pt,ht=6.94444pt,dp=0.0pt:
[80.121.88.85]
*\PyXInput{89}%
PyXInputMarker:executeid=89:

*\ProcessPyXBox{\font\cmssfont=cmss10\cmssfont{0x1e30}%

*}{86}%
PyXBox:page=86,lt=0.0pt,rt=29.05563pt,ht=6.55556pt,dp=0.0pt:
[80.121.88.86]
*\PyXInput{90}%
PyXInputMarker:executeid=90:

*\ProcessPyXBox{\Large{}\tt{1e 30}%

*}{87}%
PyXBox:page=87,lt=0.0pt,rt=26.24977pt,ht=6.11111pt,dp=0.0pt:
[80.121.88.87]
*\PyXInput{91}%
PyXInputMarker:executeid=91:

*\ProcessPyXBox{\font\cmssfont=cmss10\cmssfont{src}%

*}{88}%
PyXBox:page=88,lt=0.0pt,rt=11.69446pt,ht=4.44444pt,dp=0.0pt:
[80.121.88.88]
*\PyXInput{92}%
PyXInputMarker:executeid=92:

*\ProcessPyXBox{\font\cmssfont=cmss10\cmssfont{202.117.0.20}%

*}{89}%
PyXBox:page=89,lt=0.0pt,rt=53.3335pt,ht=6.55556pt,dp=0.0pt:
[80.121.88.89]
*\PyXInput{93}%
PyXInputMarker:executeid=93:

*\ProcessPyXBox{\Large{}\tt{ca 75 00 14}%

*}{90}%
PyXBox:page=90,lt=0.0pt,rt=57.7495pt,ht=6.11111pt,dp=0.0pt:
[80.121.88.90]
*\PyXInput{94}%
PyXInputMarker:executeid=94:

*\ProcessPyXBox{\font\cmssfont=cmss10\cmssfont{dst}%

*}{91}%
PyXBox:page=91,lt=0.0pt,rt=12.61111pt,ht=6.94444pt,dp=0.0pt:
[80.121.88.91]
*\PyXInput{95}%
PyXInputMarker:executeid=95:

*\ProcessPyXBox{\font\cmssfont=cmss10\cmssfont{192.168.1.4}%

*}{92}%
PyXBox:page=92,lt=0.0pt,rt=48.33348pt,ht=6.55556pt,dp=0.0pt:
[80.121.88.92]
*\PyXInput{96}%
PyXInputMarker:executeid=96:

*\ProcessPyXBox{\Large{}\tt{c0 a8 01 04}%

*}{93}%
PyXBox:page=93,lt=0.0pt,rt=57.7495pt,ht=6.11111pt,dp=0.0pt:
[80.121.88.93]
*\PyXInput{97}%
PyXInputMarker:executeid=97:

*\ProcessPyXBox{\font\cmssfont=cmss10\cmssfont{options}%

*}{94}%
PyXBox:page=94,lt=0.0pt,rt=30.1667pt,ht=6.79364pt,dp=1.94444pt:
[80.121.88.94]
*\PyXInput{98}%
PyXInputMarker:executeid=98:

*\ProcessPyXBox{\font\cmssfont=cmss10\cmssfont{[]}%

*}{95}%
PyXBox:page=95,lt=0.0pt,rt=5.77777pt,ht=7.5pt,dp=2.5pt:
[80.121.88.95]
*\PyXInput{99}%
PyXInputMarker:executeid=99:

*\ProcessPyXBox{\Large{}\font\cmssfont=cmss10\cmssfont{UDP}%

*}{96}%
PyXBox:page=96,lt=0.0pt,rt=20.4862pt,ht=6.94444pt,dp=0.0pt:
[80.121.88.96]
*\PyXInput{100}%
PyXInputMarker:executeid=100:

*\ProcessPyXBox{\font\cmssfont=cmss10\cmssfont{sport}%

*}{97}%
PyXBox:page=97,lt=0.0pt,rt=21.02782pt,ht=5.71431pt,dp=1.94444pt:
[80.121.88.97]
*\PyXInput{101}%
PyXInputMarker:executeid=101:

*\ProcessPyXBox{\font\cmssfont=cmss10\cmssfont{domain}%

*}{98}%
PyXBox:page=98,lt=0.0pt,rt=30.47227pt,ht=6.94444pt,dp=0.0pt:
[80.121.88.98]
*\PyXInput{102}%
PyXInputMarker:executeid=102:

*\ProcessPyXBox{\Large{}\tt{00 35}%

*}{99}%
PyXBox:page=99,lt=0.0pt,rt=26.24977pt,ht=6.11111pt,dp=0.0pt:
[80.121.88.99]
*\PyXInput{103}%
PyXInputMarker:executeid=103:

*\ProcessPyXBox{\font\cmssfont=cmss10\cmssfont{dport}%

*}{100}%
PyXBox:page=100,lt=0.0pt,rt=22.36116pt,ht=6.94444pt,dp=1.94444pt:
[80.121.88.100]
*\PyXInput{104}%
PyXInputMarker:executeid=104:

*\ProcessPyXBox{\font\cmssfont=cmss10\cmssfont{domain}%

*}{101}%
PyXBox:page=101,lt=0.0pt,rt=30.47227pt,ht=6.94444pt,dp=0.0pt:
[80.121.88.101]
*\PyXInput{105}%
PyXInputMarker:executeid=105:

*\ProcessPyXBox{\Large{}\tt{00 35}%

*}{102}%
PyXBox:page=102,lt=0.0pt,rt=26.24977pt,ht=6.11111pt,dp=0.0pt:
[80.121.88.102]
*\PyXInput{106}%
PyXInputMarker:executeid=106:

*\ProcessPyXBox{\font\cmssfont=cmss10\cmssfont{len}%

*}{103}%
PyXBox:page=103,lt=0.0pt,rt=12.0pt,ht=6.94444pt,dp=0.0pt:
[80.121.88.103]
*\PyXInput{107}%
PyXInputMarker:executeid=107:

*\ProcessPyXBox{\font\cmssfont=cmss10\cmssfont{299}%

*}{104}%
PyXBox:page=104,lt=0.0pt,rt=15.00005pt,ht=6.55556pt,dp=0.0pt:
[80.121.88.104]
*\PyXInput{108}%
PyXInputMarker:executeid=108:

*\ProcessPyXBox{\Large{}\tt{01 2b}%

*}{105}%
PyXBox:page=105,lt=0.0pt,rt=26.24977pt,ht=6.11111pt,dp=0.0pt:
[80.121.88.105]
*\PyXInput{109}%
PyXInputMarker:executeid=109:

*\ProcessPyXBox{\font\cmssfont=cmss10\cmssfont{chksum}%

*}{106}%
PyXBox:page=106,lt=0.0pt,rt=31.44449pt,ht=6.94444pt,dp=0.0pt:
[80.121.88.106]
*\PyXInput{110}%
PyXInputMarker:executeid=110:

*\ProcessPyXBox{\font\cmssfont=cmss10\cmssfont{0x5f6f}%

*}{107}%
PyXBox:page=107,lt=0.0pt,rt=25.72232pt,ht=6.94444pt,dp=0.0pt:
[80.121.88.107]
*\PyXInput{111}%
PyXInputMarker:executeid=111:

*\ProcessPyXBox{\Large{}\tt{5f 6f}%

*}{108}%
PyXBox:page=108,lt=0.0pt,rt=26.24977pt,ht=6.11111pt,dp=0.0pt:
[80.121.88.108]
*\PyXInput{112}%
PyXInputMarker:executeid=112:

*\ProcessPyXBox{\Large{}\font\cmssfont=cmss10\cmssfont{DNS}%

*}{109}%
PyXBox:page=109,lt=0.0pt,rt=19.8612pt,ht=6.94444pt,dp=0.0pt:
[80.121.88.109]
*\PyXInput{113}%
PyXInputMarker:executeid=113:

*\ProcessPyXBox{\font\cmssfont=cmss10\cmssfont{id}%

*}{110}%
PyXBox:page=110,lt=0.0pt,rt=7.55556pt,ht=6.94444pt,dp=0.0pt:
[80.121.88.110]
*\PyXInput{114}%
PyXInputMarker:executeid=114:

*\ProcessPyXBox{\font\cmssfont=cmss10\cmssfont{0}%

*}{111}%
PyXBox:page=111,lt=0.0pt,rt=5.00002pt,ht=6.55556pt,dp=0.0pt:
[80.121.88.111]
*\PyXInput{115}%
PyXInputMarker:executeid=115:

*\ProcessPyXBox{\Large{}\tt{00 00}%

*}{112}%
PyXBox:page=112,lt=0.0pt,rt=26.24977pt,ht=6.11111pt,dp=0.0pt:
[80.121.88.112]
*\PyXInput{116}%
PyXInputMarker:executeid=116:

*\ProcessPyXBox{\font\cmssfont=cmss10\cmssfont{qr}%

*}{113}%
PyXBox:page=113,lt=0.0pt,rt=8.58336pt,ht=4.44444pt,dp=1.94444pt:
[80.121.88.113]
*\PyXInput{117}%
PyXInputMarker:executeid=117:

*\ProcessPyXBox{\font\cmssfont=cmss10\cmssfont{1L}%

*}{114}%
PyXBox:page=114,lt=0.0pt,rt=10.4167pt,ht=6.94444pt,dp=0.0pt:
[80.121.88.114]
*\PyXInput{118}%
PyXInputMarker:executeid=118:

*\ProcessPyXBox{\font\cmssfont=cmss10\cmssfont{opcode}%

*}{115}%
PyXBox:page=115,lt=0.0pt,rt=29.77783pt,ht=6.94444pt,dp=1.94444pt:
[80.121.88.115]
*\PyXInput{119}%
PyXInputMarker:executeid=119:

*\ProcessPyXBox{\font\cmssfont=cmss10\cmssfont{QUERY}%

*}{116}%
PyXBox:page=116,lt=0.0pt,rt=33.33344pt,ht=6.94444pt,dp=1.25pt:
[80.121.88.116]
*\PyXInput{120}%
PyXInputMarker:executeid=120:

*\ProcessPyXBox{\font\cmssfont=cmss10\cmssfont{aa}%

*}{117}%
PyXBox:page=117,lt=0.0pt,rt=9.61115pt,ht=4.44444pt,dp=0.0pt:
[80.121.88.117]
*\PyXInput{121}%
PyXInputMarker:executeid=121:

*\ProcessPyXBox{\font\cmssfont=cmss10\cmssfont{0L}%

*}{118}%
PyXBox:page=118,lt=0.0pt,rt=10.4167pt,ht=6.94444pt,dp=0.0pt:
[80.121.88.118]
*\PyXInput{122}%
PyXInputMarker:executeid=122:

*\ProcessPyXBox{\font\cmssfont=cmss10\cmssfont{tc}%

*}{119}%
PyXBox:page=119,lt=0.0pt,rt=8.05556pt,ht=5.71431pt,dp=0.0pt:
[80.121.88.119]
*\PyXInput{123}%
PyXInputMarker:executeid=123:

*\ProcessPyXBox{\font\cmssfont=cmss10\cmssfont{0L}%

*}{120}%
PyXBox:page=120,lt=0.0pt,rt=10.4167pt,ht=6.94444pt,dp=0.0pt:
[80.121.88.120]
*\PyXInput{124}%
PyXInputMarker:executeid=124:

*\ProcessPyXBox{\font\cmssfont=cmss10\cmssfont{rd}%

*}{121}%
PyXBox:page=121,lt=0.0pt,rt=8.58336pt,ht=6.94444pt,dp=0.0pt:
[80.121.88.121]
*\PyXInput{125}%
PyXInputMarker:executeid=125:

*\ProcessPyXBox{\font\cmssfont=cmss10\cmssfont{1L}%

*}{122}%
PyXBox:page=122,lt=0.0pt,rt=10.4167pt,ht=6.94444pt,dp=0.0pt:
[80.121.88.122]
*\PyXInput{126}%
PyXInputMarker:executeid=126:

*\ProcessPyXBox{\Large{}\tt{81}%

*}{123}%
PyXBox:page=123,lt=0.0pt,rt=10.49991pt,ht=6.11111pt,dp=0.0pt:
[80.121.88.123]
*\PyXInput{127}%
PyXInputMarker:executeid=127:

*\ProcessPyXBox{\font\cmssfont=cmss10\cmssfont{ra}%

*}{124}%
PyXBox:page=124,lt=0.0pt,rt=8.22226pt,ht=4.44444pt,dp=0.0pt:
[80.121.88.124]
*\PyXInput{128}%
PyXInputMarker:executeid=128:

*\ProcessPyXBox{\font\cmssfont=cmss10\cmssfont{1L}%

*}{125}%
PyXBox:page=125,lt=0.0pt,rt=10.4167pt,ht=6.94444pt,dp=0.0pt:
[80.121.88.125]
*\PyXInput{129}%
PyXInputMarker:executeid=129:

*\ProcessPyXBox{\font\cmssfont=cmss10\cmssfont{z}%

*}{126}%
PyXBox:page=126,lt=0.0pt,rt=4.34723pt,ht=4.44444pt,dp=0.0pt:
[80.121.88.126]
*\PyXInput{130}%
PyXInputMarker:executeid=130:

*\ProcessPyXBox{\font\cmssfont=cmss10\cmssfont{0L}%

*}{127}%
PyXBox:page=127,lt=0.0pt,rt=10.4167pt,ht=6.94444pt,dp=0.0pt:
[80.121.88.127]
*\PyXInput{131}%
PyXInputMarker:executeid=131:

*\ProcessPyXBox{\font\cmssfont=cmss10\cmssfont{ad}%

*}{128}%
PyXBox:page=128,lt=0.0pt,rt=9.97224pt,ht=6.94444pt,dp=0.0pt:
[80.121.88.128]
*\PyXInput{132}%
PyXInputMarker:executeid=132:

*\ProcessPyXBox{\font\cmssfont=cmss10\cmssfont{0L}%

*}{129}%
PyXBox:page=129,lt=0.0pt,rt=10.4167pt,ht=6.94444pt,dp=0.0pt:
[80.121.88.129]
*\PyXInput{133}%
PyXInputMarker:executeid=133:

*\ProcessPyXBox{\font\cmssfont=cmss10\cmssfont{cd}%

*}{130}%
PyXBox:page=130,lt=0.0pt,rt=9.61111pt,ht=6.94444pt,dp=0.0pt:
[80.121.88.130]
*\PyXInput{134}%
PyXInputMarker:executeid=134:

*\ProcessPyXBox{\font\cmssfont=cmss10\cmssfont{0L}%

*}{131}%
PyXBox:page=131,lt=0.0pt,rt=10.4167pt,ht=6.94444pt,dp=0.0pt:
[80.121.88.131]
*\PyXInput{135}%
PyXInputMarker:executeid=135:

*\ProcessPyXBox{\font\cmssfont=cmss10\cmssfont{rcode}%

*}{132}%
PyXBox:page=132,lt=0.0pt,rt=22.75005pt,ht=6.94444pt,dp=0.0pt:
[80.121.88.132]
*\PyXInput{136}%
PyXInputMarker:executeid=136:

*\ProcessPyXBox{\font\cmssfont=cmss10\cmssfont{ok}%

*}{133}%
PyXBox:page=133,lt=0.0pt,rt=9.88893pt,ht=6.94444pt,dp=0.0pt:
[80.121.88.133]
*\PyXInput{137}%
PyXInputMarker:executeid=137:

*\ProcessPyXBox{\Large{}\tt{80}%

*}{134}%
PyXBox:page=134,lt=0.0pt,rt=10.49991pt,ht=6.11111pt,dp=0.0pt:
[80.121.88.134]
*\PyXInput{138}%
PyXInputMarker:executeid=138:

*\ProcessPyXBox{\font\cmssfont=cmss10\cmssfont{qdcount}%

*}{135}%
PyXBox:page=135,lt=0.0pt,rt=33.72226pt,ht=6.94444pt,dp=1.94444pt:
[80.121.88.135]
*\PyXInput{139}%
PyXInputMarker:executeid=139:

*\ProcessPyXBox{\font\cmssfont=cmss10\cmssfont{1}%

*}{136}%
PyXBox:page=136,lt=0.0pt,rt=5.00002pt,ht=6.55556pt,dp=0.0pt:
[80.121.88.136]
*\PyXInput{140}%
PyXInputMarker:executeid=140:

*\ProcessPyXBox{\Large{}\tt{00 01}%

*}{137}%
PyXBox:page=137,lt=0.0pt,rt=26.24977pt,ht=6.11111pt,dp=0.0pt:
[80.121.88.137]
*\PyXInput{141}%
PyXInputMarker:executeid=141:

*\ProcessPyXBox{\font\cmssfont=cmss10\cmssfont{ancount}%

*}{138}%
PyXBox:page=138,lt=0.0pt,rt=33.36116pt,ht=5.71431pt,dp=0.0pt:
[80.121.88.138]
*\PyXInput{142}%
PyXInputMarker:executeid=142:

*\ProcessPyXBox{\font\cmssfont=cmss10\cmssfont{1}%

*}{139}%
PyXBox:page=139,lt=0.0pt,rt=5.00002pt,ht=6.55556pt,dp=0.0pt:
[80.121.88.139]
*\PyXInput{143}%
PyXInputMarker:executeid=143:

*\ProcessPyXBox{\Large{}\tt{00 01}%

*}{140}%
PyXBox:page=140,lt=0.0pt,rt=26.24977pt,ht=6.11111pt,dp=0.0pt:
[80.121.88.140]
*\PyXInput{144}%
PyXInputMarker:executeid=144:

*\ProcessPyXBox{\font\cmssfont=cmss10\cmssfont{nscount}%

*}{141}%
PyXBox:page=141,lt=0.0pt,rt=32.38892pt,ht=5.71431pt,dp=0.0pt:
[80.121.88.141]
*\PyXInput{145}%
PyXInputMarker:executeid=145:

*\ProcessPyXBox{\font\cmssfont=cmss10\cmssfont{5}%

*}{142}%
PyXBox:page=142,lt=0.0pt,rt=5.00002pt,ht=6.55556pt,dp=0.0pt:
[80.121.88.142]
*\PyXInput{146}%
PyXInputMarker:executeid=146:

*\ProcessPyXBox{\Large{}\tt{00 05}%

*}{143}%
PyXBox:page=143,lt=0.0pt,rt=26.24977pt,ht=6.11111pt,dp=0.0pt:
[80.121.88.143]
*\PyXInput{147}%
PyXInputMarker:executeid=147:

*\ProcessPyXBox{\font\cmssfont=cmss10\cmssfont{arcount}%

*}{144}%
PyXBox:page=144,lt=0.0pt,rt=31.33339pt,ht=5.71431pt,dp=0.0pt:
[80.121.88.144]
*\PyXInput{148}%
PyXInputMarker:executeid=148:

*\ProcessPyXBox{\font\cmssfont=cmss10\cmssfont{7}%

*}{145}%
PyXBox:page=145,lt=0.0pt,rt=5.00002pt,ht=6.55556pt,dp=0.0pt:
[80.121.88.145]
*\PyXInput{149}%
PyXInputMarker:executeid=149:

*\ProcessPyXBox{\Large{}\tt{00 07}%

*}{146}%
PyXBox:page=146,lt=0.0pt,rt=26.24977pt,ht=6.11111pt,dp=0.0pt:
[80.121.88.146]
*\PyXInput{150}%
PyXInputMarker:executeid=150:

*\ProcessPyXBox{\font\cmssfont=cmss10\cmssfont{qd}%

*}{147}%
PyXBox:page=147,lt=0.0pt,rt=10.33334pt,ht=6.94444pt,dp=1.94444pt:
[80.121.88.147]
*\PyXInput{151}%
PyXInputMarker:executeid=151:

*\ProcessPyXBox{\font\cmssfont=cmss10\cmssfont{{\tt\char60}DNSQR  qname='www[..
.]}%

*}{148}%
PyXBox:page=148,lt=0.0pt,rt=114.95857pt,ht=7.5pt,dp=2.5pt:
[80.121.88.148]
*\PyXInput{152}%
PyXInputMarker:executeid=152:

*\ProcessPyXBox{\Large{}\tt{03 77 77 77 08 73 6c 61}%

*}{149}%
PyXBox:page=149,lt=0.0pt,rt=120.74895pt,ht=6.11111pt,dp=0.0pt:
[80.121.88.149]
*\PyXInput{153}%
PyXInputMarker:executeid=153:

*\ProcessPyXBox{\Large{}\tt{73 68 64 6f 74 03 6f 72 67 00 00 01 00 01}%

*}{150}%
PyXBox:page=150,lt=0.0pt,rt=215.24812pt,ht=6.11111pt,dp=0.0pt:
[80.121.88.150]
*\PyXInput{154}%
PyXInputMarker:executeid=154:

*\ProcessPyXBox{\font\cmssfont=cmss10\cmssfont{an}%

*}{151}%
PyXBox:page=151,lt=0.0pt,rt=9.97224pt,ht=4.44444pt,dp=0.0pt:
[80.121.88.151]
*\PyXInput{155}%
PyXInputMarker:executeid=155:

*\ProcessPyXBox{\font\cmssfont=cmss10\cmssfont{{\tt\char60}DNSRR  rrname='ww[..
.]}%

*}{152}%
PyXBox:page=152,lt=0.0pt,rt=108.88916pt,ht=7.5pt,dp=2.5pt:
[80.121.88.152]
*\PyXInput{156}%
PyXInputMarker:executeid=156:

*\ProcessPyXBox{\Large{}\tt{03 77}%

*}{153}%
PyXBox:page=153,lt=0.0pt,rt=26.24977pt,ht=6.11111pt,dp=0.0pt:
[80.121.88.153]
*\PyXInput{157}%
PyXInputMarker:executeid=157:

*\ProcessPyXBox{\Large{}\tt{77 77 08 73 6c 61 73 68 64 6f 74 03 6f 72 67 00}%

*}{154}%
PyXBox:page=154,lt=0.0pt,rt=246.74785pt,ht=6.11111pt,dp=0.0pt:
[80.121.88.154]
*\PyXInput{158}%
PyXInputMarker:executeid=158:

*\ProcessPyXBox{\Large{}\tt{00 01 00 01 00 00 01 11 00 04 d8 22 b5 30}%

*}{155}%
PyXBox:page=155,lt=0.0pt,rt=215.24812pt,ht=6.11111pt,dp=0.0pt:
[80.121.88.155]
*\PyXInput{159}%
PyXInputMarker:executeid=159:

*\ProcessPyXBox{\font\cmssfont=cmss10\cmssfont{ns}%

*}{156}%
PyXBox:page=156,lt=0.0pt,rt=9.0pt,ht=4.44444pt,dp=0.0pt:
[80.121.88.156]
*\PyXInput{160}%
PyXInputMarker:executeid=160:

*\ProcessPyXBox{\font\cmssfont=cmss10\cmssfont{{\tt\char60}DNSRR  rrname='sl[..
.]}%

*}{157}%
PyXBox:page=157,lt=0.0pt,rt=101.44466pt,ht=7.5pt,dp=2.5pt:
[80.121.88.157]
*\PyXInput{161}%
PyXInputMarker:executeid=161:

*\ProcessPyXBox{\Large{}\tt{08 73}%

*}{158}%
PyXBox:page=158,lt=0.0pt,rt=26.24977pt,ht=6.11111pt,dp=0.0pt:
[80.121.88.158]
*\PyXInput{162}%
PyXInputMarker:executeid=162:

*\ProcessPyXBox{\Large{}\tt{6c 61 73 68 64 6f 74 03 6f 72 67 00 00 02 00 01}%

*}{159}%
PyXBox:page=159,lt=0.0pt,rt=246.74785pt,ht=6.11111pt,dp=0.0pt:
[80.121.88.159]
*\PyXInput{163}%
PyXInputMarker:executeid=163:

*\ProcessPyXBox{\Large{}\tt{00 00 61 b3 00 15 03 6e 73 31 0b 64 6e 73 6d 61}%

*}{160}%
PyXBox:page=160,lt=0.0pt,rt=246.74785pt,ht=6.11111pt,dp=0.0pt:
[80.121.88.160]
*\PyXInput{164}%
PyXInputMarker:executeid=164:

*\ProcessPyXBox{\Large{}\tt{64 65 65 61 73 79 03 63 6f 6d 00 08 73 6c 61 73}%

*}{161}%
PyXBox:page=161,lt=0.0pt,rt=246.74785pt,ht=6.11111pt,dp=0.0pt:
[80.121.88.161]
*\PyXInput{165}%
PyXInputMarker:executeid=165:

*\ProcessPyXBox{\Large{}\tt{68 64 6f 74 03 6f 72 67 00 00 02 00 01 00 00 61}%

*}{162}%
PyXBox:page=162,lt=0.0pt,rt=246.74785pt,ht=6.11111pt,dp=0.0pt:
[80.121.88.162]
*\PyXInput{166}%
PyXInputMarker:executeid=166:

*\ProcessPyXBox{\Large{}\tt{b3 00 15 03 6e 73 34 0b 64 6e 73 6d 61 64 65 65}%

*}{163}%
PyXBox:page=163,lt=0.0pt,rt=246.74785pt,ht=6.11111pt,dp=0.0pt:
[80.121.88.163]
*\PyXInput{167}%
PyXInputMarker:executeid=167:

*\ProcessPyXBox{\Large{}\tt{61 73 79 03 63 6f 6d 00 08 73 6c 61 73 68 64 6f}%

*}{164}%
PyXBox:page=164,lt=0.0pt,rt=246.74785pt,ht=6.11111pt,dp=0.0pt:
[80.121.88.164]
*\PyXInput{168}%
PyXInputMarker:executeid=168:

*\ProcessPyXBox{\Large{}\tt{74 03 6f 72 67 00 00 02 00 01 00 00 61 b3 00 15}%

*}{165}%
PyXBox:page=165,lt=0.0pt,rt=246.74785pt,ht=6.11111pt,dp=0.0pt:
[80.121.88.165]
*\PyXInput{169}%
PyXInputMarker:executeid=169:

*\ProcessPyXBox{\Large{}\tt{03 6e 73 33 0b 64 6e 73 6d 61 64 65 65 61 73 79}%

*}{166}%
PyXBox:page=166,lt=0.0pt,rt=246.74785pt,ht=6.11111pt,dp=0.0pt:
[80.121.88.166]
*\PyXInput{170}%
PyXInputMarker:executeid=170:

*\ProcessPyXBox{\Large{}\tt{03 63 6f 6d 00 08 73 6c 61 73 68 64 6f 74 03 6f}%

*}{167}%
PyXBox:page=167,lt=0.0pt,rt=246.74785pt,ht=6.11111pt,dp=0.0pt:
[80.121.88.167]
*\PyXInput{171}%
PyXInputMarker:executeid=171:

*\ProcessPyXBox{\Large{}\tt{72 67 00 00 02 00 01 00 00 61 b3 00 15 03 6e 73}%

*}{168}%
PyXBox:page=168,lt=0.0pt,rt=246.74785pt,ht=6.11111pt,dp=0.0pt:
[80.121.88.168]
*\PyXInput{172}%
PyXInputMarker:executeid=172:

*\ProcessPyXBox{\Large{}\tt{30 0b 64 6e 73 6d 61 64 65 65 61 73 79 03 63 6f}%

*}{169}%
PyXBox:page=169,lt=0.0pt,rt=246.74785pt,ht=6.11111pt,dp=0.0pt:
[80.121.88.169]
*\PyXInput{173}%
PyXInputMarker:executeid=173:

*\ProcessPyXBox{\Large{}\tt{6d 00 08 73 6c 61 73 68 64 6f 74 03 6f 72 67 00}%

*}{170}%
PyXBox:page=170,lt=0.0pt,rt=246.74785pt,ht=6.11111pt,dp=0.0pt:
[80.121.88.170]
*\PyXInput{174}%
PyXInputMarker:executeid=174:

*\ProcessPyXBox{\Large{}\tt{00 02 00 01 00 00 61 b3 00 15 03 6e 73 32 0b 64}%

*}{171}%
PyXBox:page=171,lt=0.0pt,rt=246.74785pt,ht=6.11111pt,dp=0.0pt:
[80.121.88.171]
*\PyXInput{175}%
PyXInputMarker:executeid=175:

*\ProcessPyXBox{\Large{}\tt{6e 73 6d 61 64 65 65 61 73 79 03 63 6f 6d 00}%

*}{172}%
PyXBox:page=172,lt=0.0pt,rt=230.99799pt,ht=6.11111pt,dp=0.0pt:
[80.121.88.172]
*\PyXInput{176}%
PyXInputMarker:executeid=176:

*\ProcessPyXBox{\font\cmssfont=cmss10\cmssfont{ar}%

*}{173}%
PyXBox:page=173,lt=0.0pt,rt=7.94447pt,ht=4.44444pt,dp=0.0pt:
[80.121.88.173]
*\PyXInput{177}%
PyXInputMarker:executeid=177:

*\ProcessPyXBox{\font\cmssfont=cmss10\cmssfont{{\tt\char60}DNSRR  rrname='ns[..
.]}%

*}{174}%
PyXBox:page=174,lt=0.0pt,rt=104.22244pt,ht=7.5pt,dp=2.5pt:
[80.121.88.174]
*\PyXInput{178}%
PyXInputMarker:executeid=178:

*\ProcessPyXBox{\Large{}\tt{03}%

*}{175}%
PyXBox:page=175,lt=0.0pt,rt=10.49991pt,ht=6.11111pt,dp=0.0pt:
[80.121.88.175]
*\PyXInput{179}%
PyXInputMarker:executeid=179:

*\ProcessPyXBox{\Large{}\tt{6e 73 30 0b 64 6e 73 6d 61 64 65 65 61 73 79 03}%

*}{176}%
PyXBox:page=176,lt=0.0pt,rt=246.74785pt,ht=6.11111pt,dp=0.0pt:
[80.121.88.176]
*\PyXInput{180}%
PyXInputMarker:executeid=180:

*\ProcessPyXBox{\Large{}\tt{63 6f 6d 00 00 01 00 01 00 00 14 d5 00 04 d0 5e}%

*}{177}%
PyXBox:page=177,lt=0.0pt,rt=246.74785pt,ht=6.11111pt,dp=0.0pt:
[80.121.88.177]
*\PyXInput{181}%
PyXInputMarker:executeid=181:

*\ProcessPyXBox{\Large{}\tt{94 02 03 6e 73 31 0b 64 6e 73 6d 61 64 65 65 61}%

*}{178}%
PyXBox:page=178,lt=0.0pt,rt=246.74785pt,ht=6.11111pt,dp=0.0pt:
[80.121.88.178]
*\PyXInput{182}%
PyXInputMarker:executeid=182:

*\ProcessPyXBox{\Large{}\tt{73 79 03 63 6f 6d 00 00 01 00 01 00 00 cc 18 00}%

*}{179}%
PyXBox:page=179,lt=0.0pt,rt=246.74785pt,ht=6.11111pt,dp=0.0pt:
[80.121.88.179]
*\PyXInput{183}%
PyXInputMarker:executeid=183:

*\ProcessPyXBox{\Large{}\tt{04 d0 50 7c 02 03 6e 73 32 0b 64 6e 73 6d 61 64}%

*}{180}%
PyXBox:page=180,lt=0.0pt,rt=246.74785pt,ht=6.11111pt,dp=0.0pt:
[80.121.88.180]
*\PyXInput{184}%
PyXInputMarker:executeid=184:

*\ProcessPyXBox{\Large{}\tt{65 65 61 73 79 03 63 6f 6d 00 00 01 00 01 00 00}%

*}{181}%
PyXBox:page=181,lt=0.0pt,rt=246.74785pt,ht=6.11111pt,dp=0.0pt:
[80.121.88.181]
*\PyXInput{185}%
PyXInputMarker:executeid=185:

*\ProcessPyXBox{\Large{}\tt{12 e8 00 04 d0 50 7e 02 03 6e 73 33 0b 64 6e 73}%

*}{182}%
PyXBox:page=182,lt=0.0pt,rt=246.74785pt,ht=6.11111pt,dp=0.0pt:
[80.121.88.182]
*\PyXInput{186}%
PyXInputMarker:executeid=186:

*\ProcessPyXBox{\Large{}\tt{6d 61 64 65 65 61 73 79 03 63 6f 6d 00 00 01 00}%

*}{183}%
PyXBox:page=183,lt=0.0pt,rt=246.74785pt,ht=6.11111pt,dp=0.0pt:
[80.121.88.183]
*\PyXInput{187}%
PyXInputMarker:executeid=187:

*\ProcessPyXBox{\Large{}\tt{01 00 00 ad 0d 00 04 d0 50 7d 02 03 6e 73 33 0b}%

*}{184}%
PyXBox:page=184,lt=0.0pt,rt=246.74785pt,ht=6.11111pt,dp=0.0pt:
[80.121.88.184]
*\PyXInput{188}%
PyXInputMarker:executeid=188:

*\ProcessPyXBox{\Large{}\tt{64 6e 73 6d 61 64 65 65 61 73 79 03 63 6f 6d 00}%

*}{185}%
PyXBox:page=185,lt=0.0pt,rt=246.74785pt,ht=6.11111pt,dp=0.0pt:
[80.121.88.185]
*\PyXInput{189}%
PyXInputMarker:executeid=189:

*\ProcessPyXBox{\Large{}\tt{00 1c 00 01 00 00 b0 35 00 10 26 00 18 01 00 03}%

*}{186}%
PyXBox:page=186,lt=0.0pt,rt=246.74785pt,ht=6.11111pt,dp=0.0pt:
[80.121.88.186]
*\PyXInput{190}%
PyXInputMarker:executeid=190:

*\ProcessPyXBox{\Large{}\tt{00 00 00 00 00 00 00 00 00 01 03 6e 73 34 0b 64}%

*}{187}%
PyXBox:page=187,lt=0.0pt,rt=246.74785pt,ht=6.11111pt,dp=0.0pt:
[80.121.88.187]
*\PyXInput{191}%
PyXInputMarker:executeid=191:

*\ProcessPyXBox{\Large{}\tt{6e 73 6d 61 64 65 65 61 73 79 03 63 6f 6d 00 00}%

*}{188}%
PyXBox:page=188,lt=0.0pt,rt=246.74785pt,ht=6.11111pt,dp=0.0pt:
[80.121.88.188]
*\PyXInput{192}%
PyXInputMarker:executeid=192:

*\ProcessPyXBox{\Large{}\tt{01 00 01 00 00 9e e9 00 04 d0 50 7f 02 03 6e 73}%

*}{189}%
PyXBox:page=189,lt=0.0pt,rt=246.74785pt,ht=6.11111pt,dp=0.0pt:
[80.121.88.189]
*\PyXInput{193}%
PyXInputMarker:executeid=193:

*\ProcessPyXBox{\Large{}\tt{34 0b 64 6e 73 6d 61 64 65 65 61 73 79 03 63 6f}%

*}{190}%
PyXBox:page=190,lt=0.0pt,rt=246.74785pt,ht=6.11111pt,dp=0.0pt:
[80.121.88.190]
*\PyXInput{194}%
PyXInputMarker:executeid=194:

*\ProcessPyXBox{\Large{}\tt{6d 00 00 1c 00 01 00 01 fd 0a 00 10 26 00 18 02}%

*}{191}%
PyXBox:page=191,lt=0.0pt,rt=246.74785pt,ht=6.11111pt,dp=0.0pt:
[80.121.88.191]
*\PyXInput{195}%
PyXInputMarker:executeid=195:

*\ProcessPyXBox{\Large{}\tt{00 04 00 00 00 00 00 00 00 00 00 01}%

*}{192}%
PyXBox:page=192,lt=0.0pt,rt=183.7484pt,ht=6.11111pt,dp=0.0pt:
[80.121.88.192]
*\PyXInput{196}%
PyXInputMarker:executeid=196:

*
! Emergency stop.
<*> \PyXInput{196}%
                   
End of file on the terminal!

Output written on tmpharwMN.dvi (192 pages, 12136 bytes).
